{"cells":[{"cell_type":"code","source":["!pip install torch torchvision transformers dinov2 tqdm pillow\n","\n","from google.colab import drive\n","drive.mount('/content/drive')"],"metadata":{"colab":{"base_uri":"https://localhost:8080/"},"id":"KtEPS4sOyJbf","executionInfo":{"status":"ok","timestamp":1753340534311,"user_tz":-180,"elapsed":264057,"user":{"displayName":"Göktan İren","userId":"05123232311365943132"}},"outputId":"c836f58f-4fc1-423b-9d2b-26bf3e1b0cd4"},"execution_count":1,"outputs":[{"output_type":"stream","name":"stdout","text":["Requirement already satisfied: torch in /usr/local/lib/python3.11/dist-packages (2.6.0+cu124)\n","Requirement already satisfied: torchvision in /usr/local/lib/python3.11/dist-packages (0.21.0+cu124)\n","Requirement already satisfied: transformers in /usr/local/lib/python3.11/dist-packages (4.53.2)\n","Collecting dinov2\n","  Downloading dinov2-0.0.1.dev2-py3-none-any.whl.metadata (11 kB)\n","Requirement already satisfied: tqdm in /usr/local/lib/python3.11/dist-packages (4.67.1)\n","Requirement already satisfied: pillow in /usr/local/lib/python3.11/dist-packages (11.3.0)\n","Requirement already satisfied: filelock in /usr/local/lib/python3.11/dist-packages (from torch) (3.18.0)\n","Requirement already satisfied: typing-extensions>=4.10.0 in /usr/local/lib/python3.11/dist-packages (from torch) (4.14.1)\n","Requirement already satisfied: networkx in /usr/local/lib/python3.11/dist-packages (from torch) (3.5)\n","Requirement already satisfied: jinja2 in /usr/local/lib/python3.11/dist-packages (from torch) (3.1.6)\n","Requirement already satisfied: fsspec in /usr/local/lib/python3.11/dist-packages (from torch) (2025.7.0)\n","Collecting nvidia-cuda-nvrtc-cu12==12.4.127 (from torch)\n","  Downloading nvidia_cuda_nvrtc_cu12-12.4.127-py3-none-manylinux2014_x86_64.whl.metadata (1.5 kB)\n","Collecting nvidia-cuda-runtime-cu12==12.4.127 (from torch)\n","  Downloading nvidia_cuda_runtime_cu12-12.4.127-py3-none-manylinux2014_x86_64.whl.metadata (1.5 kB)\n","Collecting nvidia-cuda-cupti-cu12==12.4.127 (from torch)\n","  Downloading nvidia_cuda_cupti_cu12-12.4.127-py3-none-manylinux2014_x86_64.whl.metadata (1.6 kB)\n","Collecting nvidia-cudnn-cu12==9.1.0.70 (from torch)\n","  Downloading nvidia_cudnn_cu12-9.1.0.70-py3-none-manylinux2014_x86_64.whl.metadata (1.6 kB)\n","Collecting nvidia-cublas-cu12==12.4.5.8 (from torch)\n","  Downloading nvidia_cublas_cu12-12.4.5.8-py3-none-manylinux2014_x86_64.whl.metadata (1.5 kB)\n","Collecting nvidia-cufft-cu12==11.2.1.3 (from torch)\n","  Downloading nvidia_cufft_cu12-11.2.1.3-py3-none-manylinux2014_x86_64.whl.metadata (1.5 kB)\n","Collecting nvidia-curand-cu12==10.3.5.147 (from torch)\n","  Downloading nvidia_curand_cu12-10.3.5.147-py3-none-manylinux2014_x86_64.whl.metadata (1.5 kB)\n","Collecting nvidia-cusolver-cu12==11.6.1.9 (from torch)\n","  Downloading nvidia_cusolver_cu12-11.6.1.9-py3-none-manylinux2014_x86_64.whl.metadata (1.6 kB)\n","Collecting nvidia-cusparse-cu12==12.3.1.170 (from torch)\n","  Downloading nvidia_cusparse_cu12-12.3.1.170-py3-none-manylinux2014_x86_64.whl.metadata (1.6 kB)\n","Requirement already satisfied: nvidia-cusparselt-cu12==0.6.2 in /usr/local/lib/python3.11/dist-packages (from torch) (0.6.2)\n","Requirement already satisfied: nvidia-nccl-cu12==2.21.5 in /usr/local/lib/python3.11/dist-packages (from torch) (2.21.5)\n","Requirement already satisfied: nvidia-nvtx-cu12==12.4.127 in /usr/local/lib/python3.11/dist-packages (from torch) (12.4.127)\n","Collecting nvidia-nvjitlink-cu12==12.4.127 (from torch)\n","  Downloading nvidia_nvjitlink_cu12-12.4.127-py3-none-manylinux2014_x86_64.whl.metadata (1.5 kB)\n","Requirement already satisfied: triton==3.2.0 in /usr/local/lib/python3.11/dist-packages (from torch) (3.2.0)\n","Requirement already satisfied: sympy==1.13.1 in /usr/local/lib/python3.11/dist-packages (from torch) (1.13.1)\n","Requirement already satisfied: mpmath<1.4,>=1.1.0 in /usr/local/lib/python3.11/dist-packages (from sympy==1.13.1->torch) (1.3.0)\n","Requirement already satisfied: numpy in /usr/local/lib/python3.11/dist-packages (from torchvision) (2.0.2)\n","Requirement already satisfied: huggingface-hub<1.0,>=0.30.0 in /usr/local/lib/python3.11/dist-packages (from transformers) (0.33.4)\n","Requirement already satisfied: packaging>=20.0 in /usr/local/lib/python3.11/dist-packages (from transformers) (25.0)\n","Requirement already satisfied: pyyaml>=5.1 in /usr/local/lib/python3.11/dist-packages (from transformers) (6.0.2)\n","Requirement already satisfied: regex!=2019.12.17 in /usr/local/lib/python3.11/dist-packages (from transformers) (2024.11.6)\n","Requirement already satisfied: requests in /usr/local/lib/python3.11/dist-packages (from transformers) (2.32.3)\n","Requirement already satisfied: tokenizers<0.22,>=0.21 in /usr/local/lib/python3.11/dist-packages (from transformers) (0.21.2)\n","Requirement already satisfied: safetensors>=0.4.3 in /usr/local/lib/python3.11/dist-packages (from transformers) (0.5.3)\n","INFO: pip is looking at multiple versions of dinov2 to determine which version is compatible with other requirements. This could take a while.\n","Collecting dinov2\n","  Downloading dinov2-0.0.1.dev1-py3-none-any.whl.metadata (11 kB)\n","  Downloading dinov2-0.0.1.dev0-py3-none-any.whl.metadata (363 bytes)\n","Requirement already satisfied: hf-xet<2.0.0,>=1.1.2 in /usr/local/lib/python3.11/dist-packages (from huggingface-hub<1.0,>=0.30.0->transformers) (1.1.5)\n","Requirement already satisfied: MarkupSafe>=2.0 in /usr/local/lib/python3.11/dist-packages (from jinja2->torch) (3.0.2)\n","Requirement already satisfied: charset-normalizer<4,>=2 in /usr/local/lib/python3.11/dist-packages (from requests->transformers) (3.4.2)\n","Requirement already satisfied: idna<4,>=2.5 in /usr/local/lib/python3.11/dist-packages (from requests->transformers) (3.10)\n","Requirement already satisfied: urllib3<3,>=1.21.1 in /usr/local/lib/python3.11/dist-packages (from requests->transformers) (2.5.0)\n","Requirement already satisfied: certifi>=2017.4.17 in /usr/local/lib/python3.11/dist-packages (from requests->transformers) (2025.7.14)\n","Downloading nvidia_cublas_cu12-12.4.5.8-py3-none-manylinux2014_x86_64.whl (363.4 MB)\n","\u001b[2K   \u001b[90m━━━━━━━━━━━━━━━━━━━━━━━━━━━━━━━━━━━━━━━━\u001b[0m \u001b[32m363.4/363.4 MB\u001b[0m \u001b[31m3.4 MB/s\u001b[0m eta \u001b[36m0:00:00\u001b[0m\n","\u001b[?25hDownloading nvidia_cuda_cupti_cu12-12.4.127-py3-none-manylinux2014_x86_64.whl (13.8 MB)\n","\u001b[2K   \u001b[90m━━━━━━━━━━━━━━━━━━━━━━━━━━━━━━━━━━━━━━━━\u001b[0m \u001b[32m13.8/13.8 MB\u001b[0m \u001b[31m33.5 MB/s\u001b[0m eta \u001b[36m0:00:00\u001b[0m\n","\u001b[?25hDownloading nvidia_cuda_nvrtc_cu12-12.4.127-py3-none-manylinux2014_x86_64.whl (24.6 MB)\n","\u001b[2K   \u001b[90m━━━━━━━━━━━━━━━━━━━━━━━━━━━━━━━━━━━━━━━━\u001b[0m \u001b[32m24.6/24.6 MB\u001b[0m \u001b[31m29.5 MB/s\u001b[0m eta \u001b[36m0:00:00\u001b[0m\n","\u001b[?25hDownloading nvidia_cuda_runtime_cu12-12.4.127-py3-none-manylinux2014_x86_64.whl (883 kB)\n","\u001b[2K   \u001b[90m━━━━━━━━━━━━━━━━━━━━━━━━━━━━━━━━━━━━━━━━\u001b[0m \u001b[32m883.7/883.7 kB\u001b[0m \u001b[31m24.3 MB/s\u001b[0m eta \u001b[36m0:00:00\u001b[0m\n","\u001b[?25hDownloading nvidia_cudnn_cu12-9.1.0.70-py3-none-manylinux2014_x86_64.whl (664.8 MB)\n","\u001b[2K   \u001b[90m━━━━━━━━━━━━━━━━━━━━━━━━━━━━━━━━━━━━━━━\u001b[0m \u001b[32m664.8/664.8 MB\u001b[0m \u001b[31m833.6 kB/s\u001b[0m eta \u001b[36m0:00:00\u001b[0m\n","\u001b[?25hDownloading nvidia_cufft_cu12-11.2.1.3-py3-none-manylinux2014_x86_64.whl (211.5 MB)\n","\u001b[2K   \u001b[90m━━━━━━━━━━━━━━━━━━━━━━━━━━━━━━━━━━━━━━━━\u001b[0m \u001b[32m211.5/211.5 MB\u001b[0m \u001b[31m2.0 MB/s\u001b[0m eta \u001b[36m0:00:00\u001b[0m\n","\u001b[?25hDownloading nvidia_curand_cu12-10.3.5.147-py3-none-manylinux2014_x86_64.whl (56.3 MB)\n","\u001b[2K   \u001b[90m━━━━━━━━━━━━━━━━━━━━━━━━━━━━━━━━━━━━━━━━\u001b[0m \u001b[32m56.3/56.3 MB\u001b[0m \u001b[31m6.8 MB/s\u001b[0m eta \u001b[36m0:00:00\u001b[0m\n","\u001b[?25hDownloading nvidia_cusolver_cu12-11.6.1.9-py3-none-manylinux2014_x86_64.whl (127.9 MB)\n","\u001b[2K   \u001b[90m━━━━━━━━━━━━━━━━━━━━━━━━━━━━━━━━━━━━━━━━\u001b[0m \u001b[32m127.9/127.9 MB\u001b[0m \u001b[31m6.0 MB/s\u001b[0m eta \u001b[36m0:00:00\u001b[0m\n","\u001b[?25hDownloading nvidia_cusparse_cu12-12.3.1.170-py3-none-manylinux2014_x86_64.whl (207.5 MB)\n","\u001b[2K   \u001b[90m━━━━━━━━━━━━━━━━━━━━━━━━━━━━━━━━━━━━━━━━\u001b[0m \u001b[32m207.5/207.5 MB\u001b[0m \u001b[31m5.6 MB/s\u001b[0m eta \u001b[36m0:00:00\u001b[0m\n","\u001b[?25hDownloading nvidia_nvjitlink_cu12-12.4.127-py3-none-manylinux2014_x86_64.whl (21.1 MB)\n","\u001b[2K   \u001b[90m━━━━━━━━━━━━━━━━━━━━━━━━━━━━━━━━━━━━━━━━\u001b[0m \u001b[32m21.1/21.1 MB\u001b[0m \u001b[31m38.2 MB/s\u001b[0m eta \u001b[36m0:00:00\u001b[0m\n","\u001b[?25hDownloading dinov2-0.0.1.dev0-py3-none-any.whl (1.1 kB)\n","Installing collected packages: nvidia-nvjitlink-cu12, nvidia-curand-cu12, nvidia-cufft-cu12, nvidia-cuda-runtime-cu12, nvidia-cuda-nvrtc-cu12, nvidia-cuda-cupti-cu12, nvidia-cublas-cu12, nvidia-cusparse-cu12, nvidia-cudnn-cu12, nvidia-cusolver-cu12, dinov2\n","  Attempting uninstall: nvidia-nvjitlink-cu12\n","    Found existing installation: nvidia-nvjitlink-cu12 12.5.82\n","    Uninstalling nvidia-nvjitlink-cu12-12.5.82:\n","      Successfully uninstalled nvidia-nvjitlink-cu12-12.5.82\n","  Attempting uninstall: nvidia-curand-cu12\n","    Found existing installation: nvidia-curand-cu12 10.3.6.82\n","    Uninstalling nvidia-curand-cu12-10.3.6.82:\n","      Successfully uninstalled nvidia-curand-cu12-10.3.6.82\n","  Attempting uninstall: nvidia-cufft-cu12\n","    Found existing installation: nvidia-cufft-cu12 11.2.3.61\n","    Uninstalling nvidia-cufft-cu12-11.2.3.61:\n","      Successfully uninstalled nvidia-cufft-cu12-11.2.3.61\n","  Attempting uninstall: nvidia-cuda-runtime-cu12\n","    Found existing installation: nvidia-cuda-runtime-cu12 12.5.82\n","    Uninstalling nvidia-cuda-runtime-cu12-12.5.82:\n","      Successfully uninstalled nvidia-cuda-runtime-cu12-12.5.82\n","  Attempting uninstall: nvidia-cuda-nvrtc-cu12\n","    Found existing installation: nvidia-cuda-nvrtc-cu12 12.5.82\n","    Uninstalling nvidia-cuda-nvrtc-cu12-12.5.82:\n","      Successfully uninstalled nvidia-cuda-nvrtc-cu12-12.5.82\n","  Attempting uninstall: nvidia-cuda-cupti-cu12\n","    Found existing installation: nvidia-cuda-cupti-cu12 12.5.82\n","    Uninstalling nvidia-cuda-cupti-cu12-12.5.82:\n","      Successfully uninstalled nvidia-cuda-cupti-cu12-12.5.82\n","  Attempting uninstall: nvidia-cublas-cu12\n","    Found existing installation: nvidia-cublas-cu12 12.5.3.2\n","    Uninstalling nvidia-cublas-cu12-12.5.3.2:\n","      Successfully uninstalled nvidia-cublas-cu12-12.5.3.2\n","  Attempting uninstall: nvidia-cusparse-cu12\n","    Found existing installation: nvidia-cusparse-cu12 12.5.1.3\n","    Uninstalling nvidia-cusparse-cu12-12.5.1.3:\n","      Successfully uninstalled nvidia-cusparse-cu12-12.5.1.3\n","  Attempting uninstall: nvidia-cudnn-cu12\n","    Found existing installation: nvidia-cudnn-cu12 9.3.0.75\n","    Uninstalling nvidia-cudnn-cu12-9.3.0.75:\n","      Successfully uninstalled nvidia-cudnn-cu12-9.3.0.75\n","  Attempting uninstall: nvidia-cusolver-cu12\n","    Found existing installation: nvidia-cusolver-cu12 11.6.3.83\n","    Uninstalling nvidia-cusolver-cu12-11.6.3.83:\n","      Successfully uninstalled nvidia-cusolver-cu12-11.6.3.83\n","Successfully installed dinov2-0.0.1.dev0 nvidia-cublas-cu12-12.4.5.8 nvidia-cuda-cupti-cu12-12.4.127 nvidia-cuda-nvrtc-cu12-12.4.127 nvidia-cuda-runtime-cu12-12.4.127 nvidia-cudnn-cu12-9.1.0.70 nvidia-cufft-cu12-11.2.1.3 nvidia-curand-cu12-10.3.5.147 nvidia-cusolver-cu12-11.6.1.9 nvidia-cusparse-cu12-12.3.1.170 nvidia-nvjitlink-cu12-12.4.127\n","Mounted at /content/drive\n"]}]},{"cell_type":"code","source":["# Drive'daki klasör yolunu kendi yapına göre güncelle!\n","base_path = '/content/drive/MyDrive/ColabNotebooks/Dinov2'  # <<< burayı değiştir\n","\n","train_dir = f'{base_path}/split_dataset/train'\n","val_dir   = f'{base_path}/split_dataset/val'\n","test_dir  = f'{base_path}/split_dataset/test'\n","\n","batch_size = 32\n","num_epochs = 20"],"metadata":{"id":"GuPwGYiGy4kM","executionInfo":{"status":"ok","timestamp":1753340534314,"user_tz":-180,"elapsed":14,"user":{"displayName":"Göktan İren","userId":"05123232311365943132"}}},"execution_count":2,"outputs":[]},{"cell_type":"code","source":["from torchvision import datasets, transforms\n","from torch.utils.data import DataLoader\n","\n","transform = transforms.Compose([\n","    transforms.Resize((224, 224)),\n","    transforms.ToTensor(),\n","    transforms.Normalize(mean=[0.485, 0.456, 0.406], std=[0.229, 0.224, 0.225])\n","])\n","\n","train_ds = datasets.ImageFolder(train_dir, transform=transform)\n","val_ds   = datasets.ImageFolder(val_dir, transform=transform)\n","test_ds  = datasets.ImageFolder(test_dir, transform=transform)\n","\n","train_loader = DataLoader(train_ds, batch_size=batch_size, shuffle=True)\n","val_loader   = DataLoader(val_ds,   batch_size=batch_size, shuffle=False)\n","test_loader  = DataLoader(test_ds,  batch_size=batch_size, shuffle=False)\n","\n","class_names = train_ds.classes\n","num_classes = len(class_names)\n","print(\"Sınıf isimleri:\", class_names)"],"metadata":{"colab":{"base_uri":"https://localhost:8080/"},"id":"xO6aishD0VdJ","executionInfo":{"status":"ok","timestamp":1753340566729,"user_tz":-180,"elapsed":32426,"user":{"displayName":"Göktan İren","userId":"05123232311365943132"}},"outputId":"1eecad77-8852-4e8c-de7b-bfe5e9f7aadc"},"execution_count":3,"outputs":[{"output_type":"stream","name":"stdout","text":["Sınıf isimleri: ['000', '001', '002', '003', '004']\n"]}]},{"cell_type":"code","source":["import torch\n","from transformers import Dinov2ForImageClassification\n","\n","device = torch.device('cuda' if torch.cuda.is_available() else 'cpu')\n","print(f\"Device: {device}\")\n","\n","model = Dinov2ForImageClassification.from_pretrained(\n","    \"facebook/dinov2-base\",\n","    num_labels=num_classes,\n","    ignore_mismatched_sizes=True\n",").to(device)\n","\n","criterion = torch.nn.CrossEntropyLoss()\n","optimizer = torch.optim.Adam(model.parameters(), lr=1e-4)"],"metadata":{"colab":{"base_uri":"https://localhost:8080/","height":262,"referenced_widgets":["d23a3eeaa60244f6974edfbf889180f1","dba7b99cda5f4d1482110fa2af717954","9af9ff683cfe4a60b213700a3756bb56","5a65a7f356fb4975be054f765a079c85","a349852f284d4fa1bb9bf354635a3281","41178b4c45c2438383f7f7a58cbcb130","a3097046de9849c787a340ac3cddf0ea","ed6f25b7aade4e0c80610623511279bf","dff9100147bc49efb05128bd39aa51b2","112fb4b1619f4344b69346eb3deaaa53","aa28e219498b4c9ba1f10496186cd25d","1ac58f1843a04a78941bf04120bffa61","a26faf893c934508aece3cf04da433a9","ab4af5545cbe45128ab145ae03aba6bc","4db0fe62e17a42ab8eca55cd3c3954ee","e9d2ae7c604b49e3b4dd2c63b2fb720a","24fe7e1186044aa9bb2734be3e9c8193","271d0f62cebf404eb6b7152367352f2c","6a779fe7084c4634b9c28d8d3d9f1e7e","f80cba1116dc48feb860908ff405b1bb","90e06d5c5e454b2a928cf33d12166439","33be9c7ff80e44b08a428a6505ca0a56"]},"id":"8oGnjgS_0X6a","executionInfo":{"status":"ok","timestamp":1753340602217,"user_tz":-180,"elapsed":35490,"user":{"displayName":"Göktan İren","userId":"05123232311365943132"}},"outputId":"4b1e258b-82f8-4e4d-b6e8-d2e985850fed"},"execution_count":4,"outputs":[{"output_type":"stream","name":"stdout","text":["Device: cpu\n"]},{"output_type":"stream","name":"stderr","text":["/usr/local/lib/python3.11/dist-packages/huggingface_hub/utils/_auth.py:94: UserWarning: \n","The secret `HF_TOKEN` does not exist in your Colab secrets.\n","To authenticate with the Hugging Face Hub, create a token in your settings tab (https://huggingface.co/settings/tokens), set it as secret in your Google Colab and restart your session.\n","You will be able to reuse this secret in all of your notebooks.\n","Please note that authentication is recommended but still optional to access public models or datasets.\n","  warnings.warn(\n"]},{"output_type":"display_data","data":{"text/plain":["config.json:   0%|          | 0.00/548 [00:00<?, ?B/s]"],"application/vnd.jupyter.widget-view+json":{"version_major":2,"version_minor":0,"model_id":"d23a3eeaa60244f6974edfbf889180f1"}},"metadata":{}},{"output_type":"display_data","data":{"text/plain":["model.safetensors:   0%|          | 0.00/346M [00:00<?, ?B/s]"],"application/vnd.jupyter.widget-view+json":{"version_major":2,"version_minor":0,"model_id":"1ac58f1843a04a78941bf04120bffa61"}},"metadata":{}},{"output_type":"stream","name":"stderr","text":["Some weights of Dinov2ForImageClassification were not initialized from the model checkpoint at facebook/dinov2-base and are newly initialized: ['classifier.bias', 'classifier.weight']\n","You should probably TRAIN this model on a down-stream task to be able to use it for predictions and inference.\n"]}]},{"cell_type":"code","source":["from tqdm import tqdm\n","\n","def train(model, loader, optimizer, loss_fn, device):\n","    model.train()\n","    total_loss = 0\n","    for images, labels in tqdm(loader, desc=\"Train\", leave=False):\n","        images, labels = images.to(device), labels.to(device)\n","        optimizer.zero_grad()\n","        outputs = model(images).logits\n","        loss = loss_fn(outputs, labels)\n","        loss.backward()\n","        optimizer.step()\n","        total_loss += loss.item()\n","    avg_loss = total_loss / len(loader)\n","    return avg_loss\n","\n","def evaluate(model, loader, loss_fn, device):\n","    model.eval()\n","    correct, total, total_loss = 0, 0, 0\n","    with torch.no_grad():\n","        for images, labels in tqdm(loader, desc=\"Eval\", leave=False):\n","            images, labels = images.to(device), labels.to(device)\n","            outputs = model(images).logits\n","            loss = loss_fn(outputs, labels)\n","            _, preds = torch.max(outputs, 1)\n","            correct += (preds == labels).sum().item()\n","            total += labels.size(0)\n","            total_loss += loss.item()\n","    accuracy = correct / total\n","    avg_loss = total_loss / len(loader)\n","    return avg_loss, accuracy"],"metadata":{"id":"5PHrF4dY0eU3","executionInfo":{"status":"ok","timestamp":1753340602220,"user_tz":-180,"elapsed":3,"user":{"displayName":"Göktan İren","userId":"05123232311365943132"}}},"execution_count":5,"outputs":[]},{"cell_type":"code","source":["for epoch in range(num_epochs):\n","    print(f\"Epoch {epoch+1}/{num_epochs}:\")\n","    train_loss = train(model, train_loader, optimizer, criterion, device)\n","    val_loss, val_acc = evaluate(model, val_loader, criterion, device)\n","    print(f\"  Train Loss: {train_loss:.4f}\")\n","    print(f\"  Val Loss: {val_loss:.4f}, Val Acc: {val_acc:.4f}\")"],"metadata":{"colab":{"base_uri":"https://localhost:8080/","height":1000},"id":"Kg8i0Rn80iIE","executionInfo":{"status":"error","timestamp":1753340611973,"user_tz":-180,"elapsed":9750,"user":{"displayName":"Göktan İren","userId":"05123232311365943132"}},"outputId":"730b0170-1031-498c-dbd3-829562ad93fc"},"execution_count":6,"outputs":[{"output_type":"stream","name":"stdout","text":["Epoch 1/20:\n"]},{"output_type":"stream","name":"stderr","text":["ERROR:root:Internal Python error in the inspect module.\n","Below is the traceback from this internal error.\n","\n"]},{"output_type":"stream","name":"stdout","text":["Traceback (most recent call last):\n","  File \"/usr/local/lib/python3.11/dist-packages/IPython/core/interactiveshell.py\", line 3553, in run_code\n","    exec(code_obj, self.user_global_ns, self.user_ns)\n","  File \"/tmp/ipython-input-6-439943791.py\", line 3, in <cell line: 0>\n","    train_loss = train(model, train_loader, optimizer, criterion, device)\n","                 ^^^^^^^^^^^^^^^^^^^^^^^^^^^^^^^^^^^^^^^^^^^^^^^^^^^^^^^^\n","  File \"/tmp/ipython-input-5-2646147258.py\", line 6, in train\n","    for images, labels in tqdm(loader, desc=\"Train\", leave=False):\n","  File \"/usr/local/lib/python3.11/dist-packages/tqdm/std.py\", line 1181, in __iter__\n","    for obj in iterable:\n","  File \"/usr/local/lib/python3.11/dist-packages/torch/utils/data/dataloader.py\", line 708, in __next__\n","    data = self._next_data()\n","           ^^^^^^^^^^^^^^^^^\n","  File \"/usr/local/lib/python3.11/dist-packages/torch/utils/data/dataloader.py\", line 764, in _next_data\n","    data = self._dataset_fetcher.fetch(index)  # may raise StopIteration\n","           ^^^^^^^^^^^^^^^^^^^^^^^^^^^^^^^^^^\n","  File \"/usr/local/lib/python3.11/dist-packages/torch/utils/data/_utils/fetch.py\", line 52, in fetch\n","    data = [self.dataset[idx] for idx in possibly_batched_index]\n","           ^^^^^^^^^^^^^^^^^^^^^^^^^^^^^^^^^^^^^^^^^^^^^^^^^^^^^\n","  File \"/usr/local/lib/python3.11/dist-packages/torch/utils/data/_utils/fetch.py\", line 52, in <listcomp>\n","    data = [self.dataset[idx] for idx in possibly_batched_index]\n","            ~~~~~~~~~~~~^^^^^\n","  File \"/usr/local/lib/python3.11/dist-packages/torchvision/datasets/folder.py\", line 245, in __getitem__\n","    sample = self.loader(path)\n","             ^^^^^^^^^^^^^^^^^\n","  File \"/usr/local/lib/python3.11/dist-packages/torchvision/datasets/folder.py\", line 284, in default_loader\n","    return pil_loader(path)\n","           ^^^^^^^^^^^^^^^^\n","  File \"/usr/local/lib/python3.11/dist-packages/torchvision/datasets/folder.py\", line 263, in pil_loader\n","    img = Image.open(f)\n","          ^^^^^^^^^^^^^\n","  File \"/usr/local/lib/python3.11/dist-packages/PIL/Image.py\", line 3524, in open\n","    prefix = fp.read(16)\n","             ^^^^^^^^^^^\n","KeyboardInterrupt\n","\n","During handling of the above exception, another exception occurred:\n","\n","Traceback (most recent call last):\n","  File \"/usr/local/lib/python3.11/dist-packages/IPython/core/interactiveshell.py\", line 2099, in showtraceback\n","    stb = value._render_traceback_()\n","          ^^^^^^^^^^^^^^^^^^^^^^^^\n","AttributeError: 'KeyboardInterrupt' object has no attribute '_render_traceback_'\n","\n","During handling of the above exception, another exception occurred:\n","\n","Traceback (most recent call last):\n","  File \"/usr/local/lib/python3.11/dist-packages/IPython/core/ultratb.py\", line 1101, in get_records\n","    return _fixed_getinnerframes(etb, number_of_lines_of_context, tb_offset)\n","           ^^^^^^^^^^^^^^^^^^^^^^^^^^^^^^^^^^^^^^^^^^^^^^^^^^^^^^^^^^^^^^^^^\n","  File \"/usr/local/lib/python3.11/dist-packages/IPython/core/ultratb.py\", line 248, in wrapped\n","    return f(*args, **kwargs)\n","           ^^^^^^^^^^^^^^^^^^\n","  File \"/usr/local/lib/python3.11/dist-packages/IPython/core/ultratb.py\", line 281, in _fixed_getinnerframes\n","    records = fix_frame_records_filenames(inspect.getinnerframes(etb, context))\n","                                          ^^^^^^^^^^^^^^^^^^^^^^^^^^^^^^^^^^^^\n","  File \"/usr/lib/python3.11/inspect.py\", line 1739, in getinnerframes\n","    traceback_info = getframeinfo(tb, context)\n","                     ^^^^^^^^^^^^^^^^^^^^^^^^^\n","  File \"/usr/lib/python3.11/inspect.py\", line 1688, in getframeinfo\n","    lines, lnum = findsource(frame)\n","                  ^^^^^^^^^^^^^^^^^\n","  File \"/usr/local/lib/python3.11/dist-packages/IPython/core/ultratb.py\", line 170, in findsource\n","    file = getsourcefile(object) or getfile(object)\n","           ^^^^^^^^^^^^^^^^^^^^^\n","  File \"/usr/lib/python3.11/inspect.py\", line 948, in getsourcefile\n","    module = getmodule(object, filename)\n","             ^^^^^^^^^^^^^^^^^^^^^^^^^^^\n","  File \"/usr/lib/python3.11/inspect.py\", line 988, in getmodule\n","    if ismodule(module) and hasattr(module, '__file__'):\n","                            ^^^^^^^^^^^^^^^^^^^^^^^^^^^\n","KeyboardInterrupt\n"]},{"output_type":"error","ename":"TypeError","evalue":"object of type 'NoneType' has no len()","traceback":["\u001b[0;31m---------------------------------------------------------------------------\u001b[0m","\u001b[0;31mKeyboardInterrupt\u001b[0m                         Traceback (most recent call last)","    \u001b[0;31m[... skipping hidden 1 frame]\u001b[0m\n","\u001b[0;32m/tmp/ipython-input-6-439943791.py\u001b[0m in \u001b[0;36m<cell line: 0>\u001b[0;34m()\u001b[0m\n\u001b[1;32m      2\u001b[0m     \u001b[0mprint\u001b[0m\u001b[0;34m(\u001b[0m\u001b[0;34mf\"Epoch {epoch+1}/{num_epochs}:\"\u001b[0m\u001b[0;34m)\u001b[0m\u001b[0;34m\u001b[0m\u001b[0;34m\u001b[0m\u001b[0m\n\u001b[0;32m----> 3\u001b[0;31m     \u001b[0mtrain_loss\u001b[0m \u001b[0;34m=\u001b[0m \u001b[0mtrain\u001b[0m\u001b[0;34m(\u001b[0m\u001b[0mmodel\u001b[0m\u001b[0;34m,\u001b[0m \u001b[0mtrain_loader\u001b[0m\u001b[0;34m,\u001b[0m \u001b[0moptimizer\u001b[0m\u001b[0;34m,\u001b[0m \u001b[0mcriterion\u001b[0m\u001b[0;34m,\u001b[0m \u001b[0mdevice\u001b[0m\u001b[0;34m)\u001b[0m\u001b[0;34m\u001b[0m\u001b[0;34m\u001b[0m\u001b[0m\n\u001b[0m\u001b[1;32m      4\u001b[0m     \u001b[0mval_loss\u001b[0m\u001b[0;34m,\u001b[0m \u001b[0mval_acc\u001b[0m \u001b[0;34m=\u001b[0m \u001b[0mevaluate\u001b[0m\u001b[0;34m(\u001b[0m\u001b[0mmodel\u001b[0m\u001b[0;34m,\u001b[0m \u001b[0mval_loader\u001b[0m\u001b[0;34m,\u001b[0m \u001b[0mcriterion\u001b[0m\u001b[0;34m,\u001b[0m \u001b[0mdevice\u001b[0m\u001b[0;34m)\u001b[0m\u001b[0;34m\u001b[0m\u001b[0;34m\u001b[0m\u001b[0m\n","\u001b[0;32m/tmp/ipython-input-5-2646147258.py\u001b[0m in \u001b[0;36mtrain\u001b[0;34m(model, loader, optimizer, loss_fn, device)\u001b[0m\n\u001b[1;32m      5\u001b[0m     \u001b[0mtotal_loss\u001b[0m \u001b[0;34m=\u001b[0m \u001b[0;36m0\u001b[0m\u001b[0;34m\u001b[0m\u001b[0;34m\u001b[0m\u001b[0m\n\u001b[0;32m----> 6\u001b[0;31m     \u001b[0;32mfor\u001b[0m \u001b[0mimages\u001b[0m\u001b[0;34m,\u001b[0m \u001b[0mlabels\u001b[0m \u001b[0;32min\u001b[0m \u001b[0mtqdm\u001b[0m\u001b[0;34m(\u001b[0m\u001b[0mloader\u001b[0m\u001b[0;34m,\u001b[0m \u001b[0mdesc\u001b[0m\u001b[0;34m=\u001b[0m\u001b[0;34m\"Train\"\u001b[0m\u001b[0;34m,\u001b[0m \u001b[0mleave\u001b[0m\u001b[0;34m=\u001b[0m\u001b[0;32mFalse\u001b[0m\u001b[0;34m)\u001b[0m\u001b[0;34m:\u001b[0m\u001b[0;34m\u001b[0m\u001b[0;34m\u001b[0m\u001b[0m\n\u001b[0m\u001b[1;32m      7\u001b[0m         \u001b[0mimages\u001b[0m\u001b[0;34m,\u001b[0m \u001b[0mlabels\u001b[0m \u001b[0;34m=\u001b[0m \u001b[0mimages\u001b[0m\u001b[0;34m.\u001b[0m\u001b[0mto\u001b[0m\u001b[0;34m(\u001b[0m\u001b[0mdevice\u001b[0m\u001b[0;34m)\u001b[0m\u001b[0;34m,\u001b[0m \u001b[0mlabels\u001b[0m\u001b[0;34m.\u001b[0m\u001b[0mto\u001b[0m\u001b[0;34m(\u001b[0m\u001b[0mdevice\u001b[0m\u001b[0;34m)\u001b[0m\u001b[0;34m\u001b[0m\u001b[0;34m\u001b[0m\u001b[0m\n","\u001b[0;32m/usr/local/lib/python3.11/dist-packages/tqdm/std.py\u001b[0m in \u001b[0;36m__iter__\u001b[0;34m(self)\u001b[0m\n\u001b[1;32m   1180\u001b[0m         \u001b[0;32mtry\u001b[0m\u001b[0;34m:\u001b[0m\u001b[0;34m\u001b[0m\u001b[0;34m\u001b[0m\u001b[0m\n\u001b[0;32m-> 1181\u001b[0;31m             \u001b[0;32mfor\u001b[0m \u001b[0mobj\u001b[0m \u001b[0;32min\u001b[0m \u001b[0miterable\u001b[0m\u001b[0;34m:\u001b[0m\u001b[0;34m\u001b[0m\u001b[0;34m\u001b[0m\u001b[0m\n\u001b[0m\u001b[1;32m   1182\u001b[0m                 \u001b[0;32myield\u001b[0m \u001b[0mobj\u001b[0m\u001b[0;34m\u001b[0m\u001b[0;34m\u001b[0m\u001b[0m\n","\u001b[0;32m/usr/local/lib/python3.11/dist-packages/torch/utils/data/dataloader.py\u001b[0m in \u001b[0;36m__next__\u001b[0;34m(self)\u001b[0m\n\u001b[1;32m    707\u001b[0m                 \u001b[0mself\u001b[0m\u001b[0;34m.\u001b[0m\u001b[0m_reset\u001b[0m\u001b[0;34m(\u001b[0m\u001b[0;34m)\u001b[0m  \u001b[0;31m# type: ignore[call-arg]\u001b[0m\u001b[0;34m\u001b[0m\u001b[0;34m\u001b[0m\u001b[0m\n\u001b[0;32m--> 708\u001b[0;31m             \u001b[0mdata\u001b[0m \u001b[0;34m=\u001b[0m \u001b[0mself\u001b[0m\u001b[0;34m.\u001b[0m\u001b[0m_next_data\u001b[0m\u001b[0;34m(\u001b[0m\u001b[0;34m)\u001b[0m\u001b[0;34m\u001b[0m\u001b[0;34m\u001b[0m\u001b[0m\n\u001b[0m\u001b[1;32m    709\u001b[0m             \u001b[0mself\u001b[0m\u001b[0;34m.\u001b[0m\u001b[0m_num_yielded\u001b[0m \u001b[0;34m+=\u001b[0m \u001b[0;36m1\u001b[0m\u001b[0;34m\u001b[0m\u001b[0;34m\u001b[0m\u001b[0m\n","\u001b[0;32m/usr/local/lib/python3.11/dist-packages/torch/utils/data/dataloader.py\u001b[0m in \u001b[0;36m_next_data\u001b[0;34m(self)\u001b[0m\n\u001b[1;32m    763\u001b[0m         \u001b[0mindex\u001b[0m \u001b[0;34m=\u001b[0m \u001b[0mself\u001b[0m\u001b[0;34m.\u001b[0m\u001b[0m_next_index\u001b[0m\u001b[0;34m(\u001b[0m\u001b[0;34m)\u001b[0m  \u001b[0;31m# may raise StopIteration\u001b[0m\u001b[0;34m\u001b[0m\u001b[0;34m\u001b[0m\u001b[0m\n\u001b[0;32m--> 764\u001b[0;31m         \u001b[0mdata\u001b[0m \u001b[0;34m=\u001b[0m \u001b[0mself\u001b[0m\u001b[0;34m.\u001b[0m\u001b[0m_dataset_fetcher\u001b[0m\u001b[0;34m.\u001b[0m\u001b[0mfetch\u001b[0m\u001b[0;34m(\u001b[0m\u001b[0mindex\u001b[0m\u001b[0;34m)\u001b[0m  \u001b[0;31m# may raise StopIteration\u001b[0m\u001b[0;34m\u001b[0m\u001b[0;34m\u001b[0m\u001b[0m\n\u001b[0m\u001b[1;32m    765\u001b[0m         \u001b[0;32mif\u001b[0m \u001b[0mself\u001b[0m\u001b[0;34m.\u001b[0m\u001b[0m_pin_memory\u001b[0m\u001b[0;34m:\u001b[0m\u001b[0;34m\u001b[0m\u001b[0;34m\u001b[0m\u001b[0m\n","\u001b[0;32m/usr/local/lib/python3.11/dist-packages/torch/utils/data/_utils/fetch.py\u001b[0m in \u001b[0;36mfetch\u001b[0;34m(self, possibly_batched_index)\u001b[0m\n\u001b[1;32m     51\u001b[0m             \u001b[0;32melse\u001b[0m\u001b[0;34m:\u001b[0m\u001b[0;34m\u001b[0m\u001b[0;34m\u001b[0m\u001b[0m\n\u001b[0;32m---> 52\u001b[0;31m                 \u001b[0mdata\u001b[0m \u001b[0;34m=\u001b[0m \u001b[0;34m[\u001b[0m\u001b[0mself\u001b[0m\u001b[0;34m.\u001b[0m\u001b[0mdataset\u001b[0m\u001b[0;34m[\u001b[0m\u001b[0midx\u001b[0m\u001b[0;34m]\u001b[0m \u001b[0;32mfor\u001b[0m \u001b[0midx\u001b[0m \u001b[0;32min\u001b[0m \u001b[0mpossibly_batched_index\u001b[0m\u001b[0;34m]\u001b[0m\u001b[0;34m\u001b[0m\u001b[0;34m\u001b[0m\u001b[0m\n\u001b[0m\u001b[1;32m     53\u001b[0m         \u001b[0;32melse\u001b[0m\u001b[0;34m:\u001b[0m\u001b[0;34m\u001b[0m\u001b[0;34m\u001b[0m\u001b[0m\n","\u001b[0;32m/usr/local/lib/python3.11/dist-packages/torch/utils/data/_utils/fetch.py\u001b[0m in \u001b[0;36m<listcomp>\u001b[0;34m(.0)\u001b[0m\n\u001b[1;32m     51\u001b[0m             \u001b[0;32melse\u001b[0m\u001b[0;34m:\u001b[0m\u001b[0;34m\u001b[0m\u001b[0;34m\u001b[0m\u001b[0m\n\u001b[0;32m---> 52\u001b[0;31m                 \u001b[0mdata\u001b[0m \u001b[0;34m=\u001b[0m \u001b[0;34m[\u001b[0m\u001b[0mself\u001b[0m\u001b[0;34m.\u001b[0m\u001b[0mdataset\u001b[0m\u001b[0;34m[\u001b[0m\u001b[0midx\u001b[0m\u001b[0;34m]\u001b[0m \u001b[0;32mfor\u001b[0m \u001b[0midx\u001b[0m \u001b[0;32min\u001b[0m \u001b[0mpossibly_batched_index\u001b[0m\u001b[0;34m]\u001b[0m\u001b[0;34m\u001b[0m\u001b[0;34m\u001b[0m\u001b[0m\n\u001b[0m\u001b[1;32m     53\u001b[0m         \u001b[0;32melse\u001b[0m\u001b[0;34m:\u001b[0m\u001b[0;34m\u001b[0m\u001b[0;34m\u001b[0m\u001b[0m\n","\u001b[0;32m/usr/local/lib/python3.11/dist-packages/torchvision/datasets/folder.py\u001b[0m in \u001b[0;36m__getitem__\u001b[0;34m(self, index)\u001b[0m\n\u001b[1;32m    244\u001b[0m         \u001b[0mpath\u001b[0m\u001b[0;34m,\u001b[0m \u001b[0mtarget\u001b[0m \u001b[0;34m=\u001b[0m \u001b[0mself\u001b[0m\u001b[0;34m.\u001b[0m\u001b[0msamples\u001b[0m\u001b[0;34m[\u001b[0m\u001b[0mindex\u001b[0m\u001b[0;34m]\u001b[0m\u001b[0;34m\u001b[0m\u001b[0;34m\u001b[0m\u001b[0m\n\u001b[0;32m--> 245\u001b[0;31m         \u001b[0msample\u001b[0m \u001b[0;34m=\u001b[0m \u001b[0mself\u001b[0m\u001b[0;34m.\u001b[0m\u001b[0mloader\u001b[0m\u001b[0;34m(\u001b[0m\u001b[0mpath\u001b[0m\u001b[0;34m)\u001b[0m\u001b[0;34m\u001b[0m\u001b[0;34m\u001b[0m\u001b[0m\n\u001b[0m\u001b[1;32m    246\u001b[0m         \u001b[0;32mif\u001b[0m \u001b[0mself\u001b[0m\u001b[0;34m.\u001b[0m\u001b[0mtransform\u001b[0m \u001b[0;32mis\u001b[0m \u001b[0;32mnot\u001b[0m \u001b[0;32mNone\u001b[0m\u001b[0;34m:\u001b[0m\u001b[0;34m\u001b[0m\u001b[0;34m\u001b[0m\u001b[0m\n","\u001b[0;32m/usr/local/lib/python3.11/dist-packages/torchvision/datasets/folder.py\u001b[0m in \u001b[0;36mdefault_loader\u001b[0;34m(path)\u001b[0m\n\u001b[1;32m    283\u001b[0m     \u001b[0;32melse\u001b[0m\u001b[0;34m:\u001b[0m\u001b[0;34m\u001b[0m\u001b[0;34m\u001b[0m\u001b[0m\n\u001b[0;32m--> 284\u001b[0;31m         \u001b[0;32mreturn\u001b[0m \u001b[0mpil_loader\u001b[0m\u001b[0;34m(\u001b[0m\u001b[0mpath\u001b[0m\u001b[0;34m)\u001b[0m\u001b[0;34m\u001b[0m\u001b[0;34m\u001b[0m\u001b[0m\n\u001b[0m\u001b[1;32m    285\u001b[0m \u001b[0;34m\u001b[0m\u001b[0m\n","\u001b[0;32m/usr/local/lib/python3.11/dist-packages/torchvision/datasets/folder.py\u001b[0m in \u001b[0;36mpil_loader\u001b[0;34m(path)\u001b[0m\n\u001b[1;32m    262\u001b[0m     \u001b[0;32mwith\u001b[0m \u001b[0mopen\u001b[0m\u001b[0;34m(\u001b[0m\u001b[0mpath\u001b[0m\u001b[0;34m,\u001b[0m \u001b[0;34m\"rb\"\u001b[0m\u001b[0;34m)\u001b[0m \u001b[0;32mas\u001b[0m \u001b[0mf\u001b[0m\u001b[0;34m:\u001b[0m\u001b[0;34m\u001b[0m\u001b[0;34m\u001b[0m\u001b[0m\n\u001b[0;32m--> 263\u001b[0;31m         \u001b[0mimg\u001b[0m \u001b[0;34m=\u001b[0m \u001b[0mImage\u001b[0m\u001b[0;34m.\u001b[0m\u001b[0mopen\u001b[0m\u001b[0;34m(\u001b[0m\u001b[0mf\u001b[0m\u001b[0;34m)\u001b[0m\u001b[0;34m\u001b[0m\u001b[0;34m\u001b[0m\u001b[0m\n\u001b[0m\u001b[1;32m    264\u001b[0m         \u001b[0;32mreturn\u001b[0m \u001b[0mimg\u001b[0m\u001b[0;34m.\u001b[0m\u001b[0mconvert\u001b[0m\u001b[0;34m(\u001b[0m\u001b[0;34m\"RGB\"\u001b[0m\u001b[0;34m)\u001b[0m\u001b[0;34m\u001b[0m\u001b[0;34m\u001b[0m\u001b[0m\n","\u001b[0;32m/usr/local/lib/python3.11/dist-packages/PIL/Image.py\u001b[0m in \u001b[0;36mopen\u001b[0;34m(fp, mode, formats)\u001b[0m\n\u001b[1;32m   3523\u001b[0m \u001b[0;34m\u001b[0m\u001b[0m\n\u001b[0;32m-> 3524\u001b[0;31m     \u001b[0mprefix\u001b[0m \u001b[0;34m=\u001b[0m \u001b[0mfp\u001b[0m\u001b[0;34m.\u001b[0m\u001b[0mread\u001b[0m\u001b[0;34m(\u001b[0m\u001b[0;36m16\u001b[0m\u001b[0;34m)\u001b[0m\u001b[0;34m\u001b[0m\u001b[0;34m\u001b[0m\u001b[0m\n\u001b[0m\u001b[1;32m   3525\u001b[0m \u001b[0;34m\u001b[0m\u001b[0m\n","\u001b[0;31mKeyboardInterrupt\u001b[0m: ","\nDuring handling of the above exception, another exception occurred:\n","\u001b[0;31mAttributeError\u001b[0m                            Traceback (most recent call last)","\u001b[0;32m/usr/local/lib/python3.11/dist-packages/IPython/core/interactiveshell.py\u001b[0m in \u001b[0;36mshowtraceback\u001b[0;34m(self, exc_tuple, filename, tb_offset, exception_only, running_compiled_code)\u001b[0m\n\u001b[1;32m   2098\u001b[0m                         \u001b[0;31m# in the engines. This should return a list of strings.\u001b[0m\u001b[0;34m\u001b[0m\u001b[0;34m\u001b[0m\u001b[0m\n\u001b[0;32m-> 2099\u001b[0;31m                         \u001b[0mstb\u001b[0m \u001b[0;34m=\u001b[0m \u001b[0mvalue\u001b[0m\u001b[0;34m.\u001b[0m\u001b[0m_render_traceback_\u001b[0m\u001b[0;34m(\u001b[0m\u001b[0;34m)\u001b[0m\u001b[0;34m\u001b[0m\u001b[0;34m\u001b[0m\u001b[0m\n\u001b[0m\u001b[1;32m   2100\u001b[0m                     \u001b[0;32mexcept\u001b[0m \u001b[0mException\u001b[0m\u001b[0;34m:\u001b[0m\u001b[0;34m\u001b[0m\u001b[0;34m\u001b[0m\u001b[0m\n","\u001b[0;31mAttributeError\u001b[0m: 'KeyboardInterrupt' object has no attribute '_render_traceback_'","\nDuring handling of the above exception, another exception occurred:\n","\u001b[0;31mTypeError\u001b[0m                                 Traceback (most recent call last)","    \u001b[0;31m[... skipping hidden 1 frame]\u001b[0m\n","\u001b[0;32m/usr/local/lib/python3.11/dist-packages/IPython/core/interactiveshell.py\u001b[0m in \u001b[0;36mshowtraceback\u001b[0;34m(self, exc_tuple, filename, tb_offset, exception_only, running_compiled_code)\u001b[0m\n\u001b[1;32m   2099\u001b[0m                         \u001b[0mstb\u001b[0m \u001b[0;34m=\u001b[0m \u001b[0mvalue\u001b[0m\u001b[0;34m.\u001b[0m\u001b[0m_render_traceback_\u001b[0m\u001b[0;34m(\u001b[0m\u001b[0;34m)\u001b[0m\u001b[0;34m\u001b[0m\u001b[0;34m\u001b[0m\u001b[0m\n\u001b[1;32m   2100\u001b[0m                     \u001b[0;32mexcept\u001b[0m \u001b[0mException\u001b[0m\u001b[0;34m:\u001b[0m\u001b[0;34m\u001b[0m\u001b[0;34m\u001b[0m\u001b[0m\n\u001b[0;32m-> 2101\u001b[0;31m                         stb = self.InteractiveTB.structured_traceback(etype,\n\u001b[0m\u001b[1;32m   2102\u001b[0m                                             value, tb, tb_offset=tb_offset)\n\u001b[1;32m   2103\u001b[0m \u001b[0;34m\u001b[0m\u001b[0m\n","\u001b[0;32m/usr/local/lib/python3.11/dist-packages/IPython/core/ultratb.py\u001b[0m in \u001b[0;36mstructured_traceback\u001b[0;34m(self, etype, value, tb, tb_offset, number_of_lines_of_context)\u001b[0m\n\u001b[1;32m   1365\u001b[0m         \u001b[0;32melse\u001b[0m\u001b[0;34m:\u001b[0m\u001b[0;34m\u001b[0m\u001b[0;34m\u001b[0m\u001b[0m\n\u001b[1;32m   1366\u001b[0m             \u001b[0mself\u001b[0m\u001b[0;34m.\u001b[0m\u001b[0mtb\u001b[0m \u001b[0;34m=\u001b[0m \u001b[0mtb\u001b[0m\u001b[0;34m\u001b[0m\u001b[0;34m\u001b[0m\u001b[0m\n\u001b[0;32m-> 1367\u001b[0;31m         return FormattedTB.structured_traceback(\n\u001b[0m\u001b[1;32m   1368\u001b[0m             self, etype, value, tb, tb_offset, number_of_lines_of_context)\n\u001b[1;32m   1369\u001b[0m \u001b[0;34m\u001b[0m\u001b[0m\n","\u001b[0;32m/usr/local/lib/python3.11/dist-packages/IPython/core/ultratb.py\u001b[0m in \u001b[0;36mstructured_traceback\u001b[0;34m(self, etype, value, tb, tb_offset, number_of_lines_of_context)\u001b[0m\n\u001b[1;32m   1265\u001b[0m         \u001b[0;32mif\u001b[0m \u001b[0mmode\u001b[0m \u001b[0;32min\u001b[0m \u001b[0mself\u001b[0m\u001b[0;34m.\u001b[0m\u001b[0mverbose_modes\u001b[0m\u001b[0;34m:\u001b[0m\u001b[0;34m\u001b[0m\u001b[0;34m\u001b[0m\u001b[0m\n\u001b[1;32m   1266\u001b[0m             \u001b[0;31m# Verbose modes need a full traceback\u001b[0m\u001b[0;34m\u001b[0m\u001b[0;34m\u001b[0m\u001b[0m\n\u001b[0;32m-> 1267\u001b[0;31m             return VerboseTB.structured_traceback(\n\u001b[0m\u001b[1;32m   1268\u001b[0m                 \u001b[0mself\u001b[0m\u001b[0;34m,\u001b[0m \u001b[0metype\u001b[0m\u001b[0;34m,\u001b[0m \u001b[0mvalue\u001b[0m\u001b[0;34m,\u001b[0m \u001b[0mtb\u001b[0m\u001b[0;34m,\u001b[0m \u001b[0mtb_offset\u001b[0m\u001b[0;34m,\u001b[0m \u001b[0mnumber_of_lines_of_context\u001b[0m\u001b[0;34m\u001b[0m\u001b[0;34m\u001b[0m\u001b[0m\n\u001b[1;32m   1269\u001b[0m             )\n","\u001b[0;32m/usr/local/lib/python3.11/dist-packages/IPython/core/ultratb.py\u001b[0m in \u001b[0;36mstructured_traceback\u001b[0;34m(self, etype, evalue, etb, tb_offset, number_of_lines_of_context)\u001b[0m\n\u001b[1;32m   1122\u001b[0m         \u001b[0;34m\"\"\"Return a nice text document describing the traceback.\"\"\"\u001b[0m\u001b[0;34m\u001b[0m\u001b[0;34m\u001b[0m\u001b[0m\n\u001b[1;32m   1123\u001b[0m \u001b[0;34m\u001b[0m\u001b[0m\n\u001b[0;32m-> 1124\u001b[0;31m         formatted_exception = self.format_exception_as_a_whole(etype, evalue, etb, number_of_lines_of_context,\n\u001b[0m\u001b[1;32m   1125\u001b[0m                                                                tb_offset)\n\u001b[1;32m   1126\u001b[0m \u001b[0;34m\u001b[0m\u001b[0m\n","\u001b[0;32m/usr/local/lib/python3.11/dist-packages/IPython/core/ultratb.py\u001b[0m in \u001b[0;36mformat_exception_as_a_whole\u001b[0;34m(self, etype, evalue, etb, number_of_lines_of_context, tb_offset)\u001b[0m\n\u001b[1;32m   1080\u001b[0m \u001b[0;34m\u001b[0m\u001b[0m\n\u001b[1;32m   1081\u001b[0m \u001b[0;34m\u001b[0m\u001b[0m\n\u001b[0;32m-> 1082\u001b[0;31m         \u001b[0mlast_unique\u001b[0m\u001b[0;34m,\u001b[0m \u001b[0mrecursion_repeat\u001b[0m \u001b[0;34m=\u001b[0m \u001b[0mfind_recursion\u001b[0m\u001b[0;34m(\u001b[0m\u001b[0morig_etype\u001b[0m\u001b[0;34m,\u001b[0m \u001b[0mevalue\u001b[0m\u001b[0;34m,\u001b[0m \u001b[0mrecords\u001b[0m\u001b[0;34m)\u001b[0m\u001b[0;34m\u001b[0m\u001b[0;34m\u001b[0m\u001b[0m\n\u001b[0m\u001b[1;32m   1083\u001b[0m \u001b[0;34m\u001b[0m\u001b[0m\n\u001b[1;32m   1084\u001b[0m         \u001b[0mframes\u001b[0m \u001b[0;34m=\u001b[0m \u001b[0mself\u001b[0m\u001b[0;34m.\u001b[0m\u001b[0mformat_records\u001b[0m\u001b[0;34m(\u001b[0m\u001b[0mrecords\u001b[0m\u001b[0;34m,\u001b[0m \u001b[0mlast_unique\u001b[0m\u001b[0;34m,\u001b[0m \u001b[0mrecursion_repeat\u001b[0m\u001b[0;34m)\u001b[0m\u001b[0;34m\u001b[0m\u001b[0;34m\u001b[0m\u001b[0m\n","\u001b[0;32m/usr/local/lib/python3.11/dist-packages/IPython/core/ultratb.py\u001b[0m in \u001b[0;36mfind_recursion\u001b[0;34m(etype, value, records)\u001b[0m\n\u001b[1;32m    380\u001b[0m     \u001b[0;31m# first frame (from in to out) that looks different.\u001b[0m\u001b[0;34m\u001b[0m\u001b[0;34m\u001b[0m\u001b[0m\n\u001b[1;32m    381\u001b[0m     \u001b[0;32mif\u001b[0m \u001b[0;32mnot\u001b[0m \u001b[0mis_recursion_error\u001b[0m\u001b[0;34m(\u001b[0m\u001b[0metype\u001b[0m\u001b[0;34m,\u001b[0m \u001b[0mvalue\u001b[0m\u001b[0;34m,\u001b[0m \u001b[0mrecords\u001b[0m\u001b[0;34m)\u001b[0m\u001b[0;34m:\u001b[0m\u001b[0;34m\u001b[0m\u001b[0;34m\u001b[0m\u001b[0m\n\u001b[0;32m--> 382\u001b[0;31m         \u001b[0;32mreturn\u001b[0m \u001b[0mlen\u001b[0m\u001b[0;34m(\u001b[0m\u001b[0mrecords\u001b[0m\u001b[0;34m)\u001b[0m\u001b[0;34m,\u001b[0m \u001b[0;36m0\u001b[0m\u001b[0;34m\u001b[0m\u001b[0;34m\u001b[0m\u001b[0m\n\u001b[0m\u001b[1;32m    383\u001b[0m \u001b[0;34m\u001b[0m\u001b[0m\n\u001b[1;32m    384\u001b[0m     \u001b[0;31m# Select filename, lineno, func_name to track frames with\u001b[0m\u001b[0;34m\u001b[0m\u001b[0;34m\u001b[0m\u001b[0m\n","\u001b[0;31mTypeError\u001b[0m: object of type 'NoneType' has no len()"]}]},{"cell_type":"code","source":["test_loss, test_acc = evaluate(model, test_loader, criterion, device)\n","print(f\"Test Loss: {test_loss:.4f}, Test Acc: {test_acc:.4f}\")\n","\n","save_path = f\"{base_path}/dinov2_finetuned_car5.pth\"\n","torch.save(model.state_dict(), save_path)\n","print(\"Model kaydedildi:\", save_path)"],"metadata":{"id":"sNHpoK5ReTUV","executionInfo":{"status":"aborted","timestamp":1753340611976,"user_tz":-180,"elapsed":0,"user":{"displayName":"Göktan İren","userId":"05123232311365943132"}}},"execution_count":null,"outputs":[]},{"cell_type":"code","source":["import torch\n","from torchvision import datasets, transforms\n","from transformers import Dinov2ForImageClassification\n","from tqdm import tqdm\n","import os\n","\n","# ---- YOL AYARLARI ----\n","base_path = '/content/drive/MyDrive/ColabNotebooks/Dinov2'  # Eğitimi nerede yaptıysan aynı olmalı\n","test_dir = f'{base_path}/split_dataset/test'\n","\n","# ---- TRANSFORM ----\n","transform = transforms.Compose([\n","    transforms.Resize((224, 224)),\n","    transforms.ToTensor(),\n","    transforms.Normalize(mean=[0.485, 0.456, 0.406], std=[0.229, 0.224, 0.225])\n","])\n","\n","# ---- DATA LOADER ----\n","test_ds = datasets.ImageFolder(test_dir, transform=transform)\n","test_loader = torch.utils.data.DataLoader(test_ds, batch_size=32, shuffle=False)\n","class_names = test_ds.classes\n","num_classes = len(class_names)\n","\n","print(\"Test sınıfları:\", class_names)\n","\n","# ---- MODEL YÜKLE ----\n","device = torch.device(\"cuda\" if torch.cuda.is_available() else \"cpu\")\n","model = Dinov2ForImageClassification.from_pretrained(\n","    \"facebook/dinov2-base\",\n","    num_labels=num_classes,\n","    ignore_mismatched_sizes=True\n",").to(device)\n","\n","model_path = f\"{base_path}/dinov2_finetuned_car5.pth\"\n","model.load_state_dict(torch.load(model_path, map_location=device))\n","model.eval()\n","\n","# ---- TEST ----\n","correct = 0\n","total = 0\n","all_preds = []\n","all_labels = []\n","\n","with torch.no_grad():\n","    for images, labels in tqdm(test_loader, desc=\"Test seti üzerinde...\"):\n","        images, labels = images.to(device), labels.to(device)\n","        outputs = model(images).logits\n","        _, preds = torch.max(outputs, 1)\n","        correct += (preds == labels).sum().item()\n","        total += labels.size(0)\n","        all_preds += preds.cpu().tolist()\n","        all_labels += labels.cpu().tolist()\n","\n","accuracy = correct / total\n","print(f\"\\nTest seti doğruluğu (accuracy): {accuracy:.4f} ({correct}/{total})\")"],"metadata":{"id":"8hgccOzU80Mz","executionInfo":{"status":"aborted","timestamp":1753340611978,"user_tz":-180,"elapsed":1,"user":{"displayName":"Göktan İren","userId":"05123232311365943132"}}},"execution_count":null,"outputs":[]}],"metadata":{"colab":{"provenance":[{"file_id":"1ap602FUwzQyre5iTcJ5t6lWHhOuZbRi8","timestamp":1753340959300},{"file_id":"/v2/external/notebooks/intro.ipynb","timestamp":1753335726818}],"gpuType":"T4"},"kernelspec":{"display_name":"Python 3","name":"python3"},"accelerator":"GPU","widgets":{"application/vnd.jupyter.widget-state+json":{"d23a3eeaa60244f6974edfbf889180f1":{"model_module":"@jupyter-widgets/controls","model_name":"HBoxModel","model_module_version":"1.5.0","state":{"_dom_classes":[],"_model_module":"@jupyter-widgets/controls","_model_module_version":"1.5.0","_model_name":"HBoxModel","_view_count":null,"_view_module":"@jupyter-widgets/controls","_view_module_version":"1.5.0","_view_name":"HBoxView","box_style":"","children":["IPY_MODEL_dba7b99cda5f4d1482110fa2af717954","IPY_MODEL_9af9ff683cfe4a60b213700a3756bb56","IPY_MODEL_5a65a7f356fb4975be054f765a079c85"],"layout":"IPY_MODEL_a349852f284d4fa1bb9bf354635a3281"}},"dba7b99cda5f4d1482110fa2af717954":{"model_module":"@jupyter-widgets/controls","model_name":"HTMLModel","model_module_version":"1.5.0","state":{"_dom_classes":[],"_model_module":"@jupyter-widgets/controls","_model_module_version":"1.5.0","_model_name":"HTMLModel","_view_count":null,"_view_module":"@jupyter-widgets/controls","_view_module_version":"1.5.0","_view_name":"HTMLView","description":"","description_tooltip":null,"layout":"IPY_MODEL_41178b4c45c2438383f7f7a58cbcb130","placeholder":"​","style":"IPY_MODEL_a3097046de9849c787a340ac3cddf0ea","value":"config.json: 100%"}},"9af9ff683cfe4a60b213700a3756bb56":{"model_module":"@jupyter-widgets/controls","model_name":"FloatProgressModel","model_module_version":"1.5.0","state":{"_dom_classes":[],"_model_module":"@jupyter-widgets/controls","_model_module_version":"1.5.0","_model_name":"FloatProgressModel","_view_count":null,"_view_module":"@jupyter-widgets/controls","_view_module_version":"1.5.0","_view_name":"ProgressView","bar_style":"success","description":"","description_tooltip":null,"layout":"IPY_MODEL_ed6f25b7aade4e0c80610623511279bf","max":548,"min":0,"orientation":"horizontal","style":"IPY_MODEL_dff9100147bc49efb05128bd39aa51b2","value":548}},"5a65a7f356fb4975be054f765a079c85":{"model_module":"@jupyter-widgets/controls","model_name":"HTMLModel","model_module_version":"1.5.0","state":{"_dom_classes":[],"_model_module":"@jupyter-widgets/controls","_model_module_version":"1.5.0","_model_name":"HTMLModel","_view_count":null,"_view_module":"@jupyter-widgets/controls","_view_module_version":"1.5.0","_view_name":"HTMLView","description":"","description_tooltip":null,"layout":"IPY_MODEL_112fb4b1619f4344b69346eb3deaaa53","placeholder":"​","style":"IPY_MODEL_aa28e219498b4c9ba1f10496186cd25d","value":" 548/548 [00:00&lt;00:00, 21.8kB/s]"}},"a349852f284d4fa1bb9bf354635a3281":{"model_module":"@jupyter-widgets/base","model_name":"LayoutModel","model_module_version":"1.2.0","state":{"_model_module":"@jupyter-widgets/base","_model_module_version":"1.2.0","_model_name":"LayoutModel","_view_count":null,"_view_module":"@jupyter-widgets/base","_view_module_version":"1.2.0","_view_name":"LayoutView","align_content":null,"align_items":null,"align_self":null,"border":null,"bottom":null,"display":null,"flex":null,"flex_flow":null,"grid_area":null,"grid_auto_columns":null,"grid_auto_flow":null,"grid_auto_rows":null,"grid_column":null,"grid_gap":null,"grid_row":null,"grid_template_areas":null,"grid_template_columns":null,"grid_template_rows":null,"height":null,"justify_content":null,"justify_items":null,"left":null,"margin":null,"max_height":null,"max_width":null,"min_height":null,"min_width":null,"object_fit":null,"object_position":null,"order":null,"overflow":null,"overflow_x":null,"overflow_y":null,"padding":null,"right":null,"top":null,"visibility":null,"width":null}},"41178b4c45c2438383f7f7a58cbcb130":{"model_module":"@jupyter-widgets/base","model_name":"LayoutModel","model_module_version":"1.2.0","state":{"_model_module":"@jupyter-widgets/base","_model_module_version":"1.2.0","_model_name":"LayoutModel","_view_count":null,"_view_module":"@jupyter-widgets/base","_view_module_version":"1.2.0","_view_name":"LayoutView","align_content":null,"align_items":null,"align_self":null,"border":null,"bottom":null,"display":null,"flex":null,"flex_flow":null,"grid_area":null,"grid_auto_columns":null,"grid_auto_flow":null,"grid_auto_rows":null,"grid_column":null,"grid_gap":null,"grid_row":null,"grid_template_areas":null,"grid_template_columns":null,"grid_template_rows":null,"height":null,"justify_content":null,"justify_items":null,"left":null,"margin":null,"max_height":null,"max_width":null,"min_height":null,"min_width":null,"object_fit":null,"object_position":null,"order":null,"overflow":null,"overflow_x":null,"overflow_y":null,"padding":null,"right":null,"top":null,"visibility":null,"width":null}},"a3097046de9849c787a340ac3cddf0ea":{"model_module":"@jupyter-widgets/controls","model_name":"DescriptionStyleModel","model_module_version":"1.5.0","state":{"_model_module":"@jupyter-widgets/controls","_model_module_version":"1.5.0","_model_name":"DescriptionStyleModel","_view_count":null,"_view_module":"@jupyter-widgets/base","_view_module_version":"1.2.0","_view_name":"StyleView","description_width":""}},"ed6f25b7aade4e0c80610623511279bf":{"model_module":"@jupyter-widgets/base","model_name":"LayoutModel","model_module_version":"1.2.0","state":{"_model_module":"@jupyter-widgets/base","_model_module_version":"1.2.0","_model_name":"LayoutModel","_view_count":null,"_view_module":"@jupyter-widgets/base","_view_module_version":"1.2.0","_view_name":"LayoutView","align_content":null,"align_items":null,"align_self":null,"border":null,"bottom":null,"display":null,"flex":null,"flex_flow":null,"grid_area":null,"grid_auto_columns":null,"grid_auto_flow":null,"grid_auto_rows":null,"grid_column":null,"grid_gap":null,"grid_row":null,"grid_template_areas":null,"grid_template_columns":null,"grid_template_rows":null,"height":null,"justify_content":null,"justify_items":null,"left":null,"margin":null,"max_height":null,"max_width":null,"min_height":null,"min_width":null,"object_fit":null,"object_position":null,"order":null,"overflow":null,"overflow_x":null,"overflow_y":null,"padding":null,"right":null,"top":null,"visibility":null,"width":null}},"dff9100147bc49efb05128bd39aa51b2":{"model_module":"@jupyter-widgets/controls","model_name":"ProgressStyleModel","model_module_version":"1.5.0","state":{"_model_module":"@jupyter-widgets/controls","_model_module_version":"1.5.0","_model_name":"ProgressStyleModel","_view_count":null,"_view_module":"@jupyter-widgets/base","_view_module_version":"1.2.0","_view_name":"StyleView","bar_color":null,"description_width":""}},"112fb4b1619f4344b69346eb3deaaa53":{"model_module":"@jupyter-widgets/base","model_name":"LayoutModel","model_module_version":"1.2.0","state":{"_model_module":"@jupyter-widgets/base","_model_module_version":"1.2.0","_model_name":"LayoutModel","_view_count":null,"_view_module":"@jupyter-widgets/base","_view_module_version":"1.2.0","_view_name":"LayoutView","align_content":null,"align_items":null,"align_self":null,"border":null,"bottom":null,"display":null,"flex":null,"flex_flow":null,"grid_area":null,"grid_auto_columns":null,"grid_auto_flow":null,"grid_auto_rows":null,"grid_column":null,"grid_gap":null,"grid_row":null,"grid_template_areas":null,"grid_template_columns":null,"grid_template_rows":null,"height":null,"justify_content":null,"justify_items":null,"left":null,"margin":null,"max_height":null,"max_width":null,"min_height":null,"min_width":null,"object_fit":null,"object_position":null,"order":null,"overflow":null,"overflow_x":null,"overflow_y":null,"padding":null,"right":null,"top":null,"visibility":null,"width":null}},"aa28e219498b4c9ba1f10496186cd25d":{"model_module":"@jupyter-widgets/controls","model_name":"DescriptionStyleModel","model_module_version":"1.5.0","state":{"_model_module":"@jupyter-widgets/controls","_model_module_version":"1.5.0","_model_name":"DescriptionStyleModel","_view_count":null,"_view_module":"@jupyter-widgets/base","_view_module_version":"1.2.0","_view_name":"StyleView","description_width":""}},"1ac58f1843a04a78941bf04120bffa61":{"model_module":"@jupyter-widgets/controls","model_name":"HBoxModel","model_module_version":"1.5.0","state":{"_dom_classes":[],"_model_module":"@jupyter-widgets/controls","_model_module_version":"1.5.0","_model_name":"HBoxModel","_view_count":null,"_view_module":"@jupyter-widgets/controls","_view_module_version":"1.5.0","_view_name":"HBoxView","box_style":"","children":["IPY_MODEL_a26faf893c934508aece3cf04da433a9","IPY_MODEL_ab4af5545cbe45128ab145ae03aba6bc","IPY_MODEL_4db0fe62e17a42ab8eca55cd3c3954ee"],"layout":"IPY_MODEL_e9d2ae7c604b49e3b4dd2c63b2fb720a"}},"a26faf893c934508aece3cf04da433a9":{"model_module":"@jupyter-widgets/controls","model_name":"HTMLModel","model_module_version":"1.5.0","state":{"_dom_classes":[],"_model_module":"@jupyter-widgets/controls","_model_module_version":"1.5.0","_model_name":"HTMLModel","_view_count":null,"_view_module":"@jupyter-widgets/controls","_view_module_version":"1.5.0","_view_name":"HTMLView","description":"","description_tooltip":null,"layout":"IPY_MODEL_24fe7e1186044aa9bb2734be3e9c8193","placeholder":"​","style":"IPY_MODEL_271d0f62cebf404eb6b7152367352f2c","value":"model.safetensors: 100%"}},"ab4af5545cbe45128ab145ae03aba6bc":{"model_module":"@jupyter-widgets/controls","model_name":"FloatProgressModel","model_module_version":"1.5.0","state":{"_dom_classes":[],"_model_module":"@jupyter-widgets/controls","_model_module_version":"1.5.0","_model_name":"FloatProgressModel","_view_count":null,"_view_module":"@jupyter-widgets/controls","_view_module_version":"1.5.0","_view_name":"ProgressView","bar_style":"success","description":"","description_tooltip":null,"layout":"IPY_MODEL_6a779fe7084c4634b9c28d8d3d9f1e7e","max":346345912,"min":0,"orientation":"horizontal","style":"IPY_MODEL_f80cba1116dc48feb860908ff405b1bb","value":346345912}},"4db0fe62e17a42ab8eca55cd3c3954ee":{"model_module":"@jupyter-widgets/controls","model_name":"HTMLModel","model_module_version":"1.5.0","state":{"_dom_classes":[],"_model_module":"@jupyter-widgets/controls","_model_module_version":"1.5.0","_model_name":"HTMLModel","_view_count":null,"_view_module":"@jupyter-widgets/controls","_view_module_version":"1.5.0","_view_name":"HTMLView","description":"","description_tooltip":null,"layout":"IPY_MODEL_90e06d5c5e454b2a928cf33d12166439","placeholder":"​","style":"IPY_MODEL_33be9c7ff80e44b08a428a6505ca0a56","value":" 346M/346M [00:05&lt;00:00, 108MB/s]"}},"e9d2ae7c604b49e3b4dd2c63b2fb720a":{"model_module":"@jupyter-widgets/base","model_name":"LayoutModel","model_module_version":"1.2.0","state":{"_model_module":"@jupyter-widgets/base","_model_module_version":"1.2.0","_model_name":"LayoutModel","_view_count":null,"_view_module":"@jupyter-widgets/base","_view_module_version":"1.2.0","_view_name":"LayoutView","align_content":null,"align_items":null,"align_self":null,"border":null,"bottom":null,"display":null,"flex":null,"flex_flow":null,"grid_area":null,"grid_auto_columns":null,"grid_auto_flow":null,"grid_auto_rows":null,"grid_column":null,"grid_gap":null,"grid_row":null,"grid_template_areas":null,"grid_template_columns":null,"grid_template_rows":null,"height":null,"justify_content":null,"justify_items":null,"left":null,"margin":null,"max_height":null,"max_width":null,"min_height":null,"min_width":null,"object_fit":null,"object_position":null,"order":null,"overflow":null,"overflow_x":null,"overflow_y":null,"padding":null,"right":null,"top":null,"visibility":null,"width":null}},"24fe7e1186044aa9bb2734be3e9c8193":{"model_module":"@jupyter-widgets/base","model_name":"LayoutModel","model_module_version":"1.2.0","state":{"_model_module":"@jupyter-widgets/base","_model_module_version":"1.2.0","_model_name":"LayoutModel","_view_count":null,"_view_module":"@jupyter-widgets/base","_view_module_version":"1.2.0","_view_name":"LayoutView","align_content":null,"align_items":null,"align_self":null,"border":null,"bottom":null,"display":null,"flex":null,"flex_flow":null,"grid_area":null,"grid_auto_columns":null,"grid_auto_flow":null,"grid_auto_rows":null,"grid_column":null,"grid_gap":null,"grid_row":null,"grid_template_areas":null,"grid_template_columns":null,"grid_template_rows":null,"height":null,"justify_content":null,"justify_items":null,"left":null,"margin":null,"max_height":null,"max_width":null,"min_height":null,"min_width":null,"object_fit":null,"object_position":null,"order":null,"overflow":null,"overflow_x":null,"overflow_y":null,"padding":null,"right":null,"top":null,"visibility":null,"width":null}},"271d0f62cebf404eb6b7152367352f2c":{"model_module":"@jupyter-widgets/controls","model_name":"DescriptionStyleModel","model_module_version":"1.5.0","state":{"_model_module":"@jupyter-widgets/controls","_model_module_version":"1.5.0","_model_name":"DescriptionStyleModel","_view_count":null,"_view_module":"@jupyter-widgets/base","_view_module_version":"1.2.0","_view_name":"StyleView","description_width":""}},"6a779fe7084c4634b9c28d8d3d9f1e7e":{"model_module":"@jupyter-widgets/base","model_name":"LayoutModel","model_module_version":"1.2.0","state":{"_model_module":"@jupyter-widgets/base","_model_module_version":"1.2.0","_model_name":"LayoutModel","_view_count":null,"_view_module":"@jupyter-widgets/base","_view_module_version":"1.2.0","_view_name":"LayoutView","align_content":null,"align_items":null,"align_self":null,"border":null,"bottom":null,"display":null,"flex":null,"flex_flow":null,"grid_area":null,"grid_auto_columns":null,"grid_auto_flow":null,"grid_auto_rows":null,"grid_column":null,"grid_gap":null,"grid_row":null,"grid_template_areas":null,"grid_template_columns":null,"grid_template_rows":null,"height":null,"justify_content":null,"justify_items":null,"left":null,"margin":null,"max_height":null,"max_width":null,"min_height":null,"min_width":null,"object_fit":null,"object_position":null,"order":null,"overflow":null,"overflow_x":null,"overflow_y":null,"padding":null,"right":null,"top":null,"visibility":null,"width":null}},"f80cba1116dc48feb860908ff405b1bb":{"model_module":"@jupyter-widgets/controls","model_name":"ProgressStyleModel","model_module_version":"1.5.0","state":{"_model_module":"@jupyter-widgets/controls","_model_module_version":"1.5.0","_model_name":"ProgressStyleModel","_view_count":null,"_view_module":"@jupyter-widgets/base","_view_module_version":"1.2.0","_view_name":"StyleView","bar_color":null,"description_width":""}},"90e06d5c5e454b2a928cf33d12166439":{"model_module":"@jupyter-widgets/base","model_name":"LayoutModel","model_module_version":"1.2.0","state":{"_model_module":"@jupyter-widgets/base","_model_module_version":"1.2.0","_model_name":"LayoutModel","_view_count":null,"_view_module":"@jupyter-widgets/base","_view_module_version":"1.2.0","_view_name":"LayoutView","align_content":null,"align_items":null,"align_self":null,"border":null,"bottom":null,"display":null,"flex":null,"flex_flow":null,"grid_area":null,"grid_auto_columns":null,"grid_auto_flow":null,"grid_auto_rows":null,"grid_column":null,"grid_gap":null,"grid_row":null,"grid_template_areas":null,"grid_template_columns":null,"grid_template_rows":null,"height":null,"justify_content":null,"justify_items":null,"left":null,"margin":null,"max_height":null,"max_width":null,"min_height":null,"min_width":null,"object_fit":null,"object_position":null,"order":null,"overflow":null,"overflow_x":null,"overflow_y":null,"padding":null,"right":null,"top":null,"visibility":null,"width":null}},"33be9c7ff80e44b08a428a6505ca0a56":{"model_module":"@jupyter-widgets/controls","model_name":"DescriptionStyleModel","model_module_version":"1.5.0","state":{"_model_module":"@jupyter-widgets/controls","_model_module_version":"1.5.0","_model_name":"DescriptionStyleModel","_view_count":null,"_view_module":"@jupyter-widgets/base","_view_module_version":"1.2.0","_view_name":"StyleView","description_width":""}}}}},"nbformat":4,"nbformat_minor":0}